<?xml version="1.0" encoding="UTF-8"?>
<!-- Generated by org.testng.reporters.JUnitReportReporter -->
<testsuite hostname="DESKTOP-HH2KTU2" failures="0" tests="1" name="com.crm.autodesk.contact.CreateContact" time="18.817" errors="0" timestamp="2022-03-16T23:24:41 IST" skipped="0">
  <testcase classname="com.crm.autodesk.contact.CreateContact" name="createContact" time="18.817"/>
  <system-out/>
</testsuite> <!-- com.crm.autodesk.contact.CreateContact -->
