<?xml version="1.0" encoding="UTF-8"?>
<!-- Generated by org.testng.reporters.JUnitReportReporter -->
<testsuite hostname="DESKTOP-HH2KTU2" failures="0" tests="1" name="com.crm.autodesk.organization.CreateOrgWitMandField" time="19.586" errors="0" timestamp="2022-03-16T23:33:49 IST" skipped="0">
  <testcase classname="com.crm.autodesk.organization.CreateOrgWitMandField" name="createOrgWithMand" time="19.586"/>
  <system-out/>
</testsuite> <!-- com.crm.autodesk.organization.CreateOrgWitMandField -->
