<?xml version="1.0" encoding="UTF-8"?>
<!-- Generated by org.testng.reporters.JUnitReportReporter -->
<testsuite hostname="DESKTOP-HH2KTU2" failures="0" tests="3" name="PracticeOrg.CreateModifyAndDelete" time="0.006" errors="0" timestamp="2022-03-15T16:07:18 IST" skipped="0">
  <testcase classname="PracticeOrg.CreateModifyAndDelete" name="modifyAccount" time="0.002"/>
  <system-out/>
  <testcase classname="PracticeOrg.CreateModifyAndDelete" name="createAccount" time="0.002"/>
  <system-out/>
  <testcase classname="PracticeOrg.CreateModifyAndDelete" name="deleteAcount" time="0.002"/>
  <system-out/>
</testsuite> <!-- PracticeOrg.CreateModifyAndDelete -->
