<?xml version="1.0" encoding="UTF-8"?>
<!-- Generated by org.testng.reporters.JUnitReportReporter -->
<testsuite hostname="DESKTOP-HH2KTU2" failures="0" tests="1" name="com.crm.autodesk.product.CreateProductWithQtyTest" time="20.051" errors="0" timestamp="2022-03-23T14:39:05 IST" skipped="0">
  <testcase classname="com.crm.autodesk.product.CreateProductWithQtyTest" name="createProductWithQty" time="20.051"/>
  <system-out/>
</testsuite> <!-- com.crm.autodesk.product.CreateProductWithQtyTest -->
