<?xml version="1.0" encoding="UTF-8"?>
<!-- Generated by org.testng.reporters.JUnitReportReporter -->
<testsuite hostname="DESKTOP-HH2KTU2" failures="0" tests="5" name="PracticeOrg.CreateContactWithDependency" time="0.018" errors="0" timestamp="2022-03-15T16:07:18 IST" skipped="0">
  <testcase classname="PracticeOrg.CreateContactWithDependency" name="multipleData" time="0.002"/>
  <system-out/>
  <testcase classname="PracticeOrg.CreateContactWithDependency" name="multipleData" time="0.009"/>
  <system-out/>
  <testcase classname="PracticeOrg.CreateContactWithDependency" name="multipleData" time="0.002"/>
  <system-out/>
  <testcase classname="PracticeOrg.CreateContactWithDependency" name="multipleData" time="0.003"/>
  <system-out/>
  <testcase classname="PracticeOrg.CreateContactWithDependency" name="multipleData" time="0.002"/>
  <system-out/>
</testsuite> <!-- PracticeOrg.CreateContactWithDependency -->
