<?xml version="1.0" encoding="UTF-8"?>
<!-- Generated by org.testng.reporters.JUnitReportReporter -->
<testsuite hostname="DESKTOP-HH2KTU2" failures="0" tests="5" name="PracticeOrg.CreateContactWithDataProvider" time="115.586" errors="0" timestamp="2022-03-15T16:07:18 IST" skipped="0">
  <testcase classname="PracticeOrg.CreateContactWithDataProvider" name="multipleData" time="23.403"/>
  <system-out/>
  <testcase classname="PracticeOrg.CreateContactWithDataProvider" name="multipleData" time="23.464"/>
  <system-out/>
  <testcase classname="PracticeOrg.CreateContactWithDataProvider" name="multipleData" time="22.617"/>
  <system-out/>
  <testcase classname="PracticeOrg.CreateContactWithDataProvider" name="multipleData" time="22.938"/>
  <system-out/>
  <testcase classname="PracticeOrg.CreateContactWithDataProvider" name="multipleData" time="23.164"/>
  <system-out/>
</testsuite> <!-- PracticeOrg.CreateContactWithDataProvider -->
