<?xml version="1.0" encoding="UTF-8"?>
<!-- Generated by org.testng.reporters.JUnitReportReporter -->
<testsuite hostname="DESKTOP-HH2KTU2" failures="0" tests="1" name="com.crm.autodesk.contact.CreateContactWithOrgaTest" time="29.038" errors="0" timestamp="2022-03-16T23:30:29 IST" skipped="0">
  <testcase classname="com.crm.autodesk.contact.CreateContactWithOrgaTest" name="createContactWithOrga" time="29.038"/>
  <system-out/>
</testsuite> <!-- com.crm.autodesk.contact.CreateContactWithOrgaTest -->
