<?xml version="1.0" encoding="UTF-8"?>
<!-- Generated by org.testng.reporters.JUnitReportReporter -->
<testsuite hostname="DESKTOP-HH2KTU2" failures="0" tests="3" name="PracticeOrg.SampleExecution" time="0.027" errors="0" timestamp="2022-03-15T16:58:11 IST" skipped="0">
  <testcase classname="PracticeOrg.SampleExecution" name="m1" time="0.014"/>
  <system-out/>
  <testcase classname="PracticeOrg.SampleExecution" name="m2" time="0.010"/>
  <system-out/>
  <testcase classname="PracticeOrg.SampleExecution" name="m3" time="0.003"/>
  <system-out/>
</testsuite> <!-- PracticeOrg.SampleExecution -->
